Determining if the pthread_create exist failed with the following output:
Change Dir: /home/austin/EECS484_project/simulation/build/CMakeFiles/CMakeTmp

Run Build Command:"/usr/bin/make" "cmTC_4becb/fast"
/usr/bin/make -f CMakeFiles/cmTC_4becb.dir/build.make CMakeFiles/cmTC_4becb.dir/build
make[1]: Entering directory '/home/austin/EECS484_project/simulation/build/CMakeFiles/CMakeTmp'
Building C object CMakeFiles/cmTC_4becb.dir/CheckSymbolExists.c.o
/usr/bin/cc     -o CMakeFiles/cmTC_4becb.dir/CheckSymbolExists.c.o   -c /home/austin/EECS484_project/simulation/build/CMakeFiles/CMakeTmp/CheckSymbolExists.c
Linking C executable cmTC_4becb
/usr/bin/cmake -E cmake_link_script CMakeFiles/cmTC_4becb.dir/link.txt --verbose=1
/usr/bin/cc       CMakeFiles/cmTC_4becb.dir/CheckSymbolExists.c.o  -o cmTC_4becb -rdynamic 
CMakeFiles/cmTC_4becb.dir/CheckSymbolExists.c.o: In function `main':
CheckSymbolExists.c:(.text+0x16): undefined reference to `pthread_create'
collect2: error: ld returned 1 exit status
CMakeFiles/cmTC_4becb.dir/build.make:97: recipe for target 'cmTC_4becb' failed
make[1]: *** [cmTC_4becb] Error 1
make[1]: Leaving directory '/home/austin/EECS484_project/simulation/build/CMakeFiles/CMakeTmp'
Makefile:126: recipe for target 'cmTC_4becb/fast' failed
make: *** [cmTC_4becb/fast] Error 2

File /home/austin/EECS484_project/simulation/build/CMakeFiles/CMakeTmp/CheckSymbolExists.c:
/* */
#include <pthread.h>

int main(int argc, char** argv)
{
  (void)argv;
#ifndef pthread_create
  return ((int*)(&pthread_create))[argc];
#else
  (void)argc;
  return 0;
#endif
}

Determining if the function pthread_create exists in the pthreads failed with the following output:
Change Dir: /home/austin/EECS484_project/simulation/build/CMakeFiles/CMakeTmp

Run Build Command:"/usr/bin/make" "cmTC_b4687/fast"
/usr/bin/make -f CMakeFiles/cmTC_b4687.dir/build.make CMakeFiles/cmTC_b4687.dir/build
make[1]: Entering directory '/home/austin/EECS484_project/simulation/build/CMakeFiles/CMakeTmp'
Building C object CMakeFiles/cmTC_b4687.dir/CheckFunctionExists.c.o
/usr/bin/cc    -DCHECK_FUNCTION_EXISTS=pthread_create   -o CMakeFiles/cmTC_b4687.dir/CheckFunctionExists.c.o   -c /usr/share/cmake-3.5/Modules/CheckFunctionExists.c
Linking C executable cmTC_b4687
/usr/bin/cmake -E cmake_link_script CMakeFiles/cmTC_b4687.dir/link.txt --verbose=1
/usr/bin/cc   -DCHECK_FUNCTION_EXISTS=pthread_create    CMakeFiles/cmTC_b4687.dir/CheckFunctionExists.c.o  -o cmTC_b4687 -rdynamic -lpthreads 
/usr/bin/ld: cannot find -lpthreads
collect2: error: ld returned 1 exit status
CMakeFiles/cmTC_b4687.dir/build.make:97: recipe for target 'cmTC_b4687' failed
make[1]: *** [cmTC_b4687] Error 1
make[1]: Leaving directory '/home/austin/EECS484_project/simulation/build/CMakeFiles/CMakeTmp'
Makefile:126: recipe for target 'cmTC_b4687/fast' failed
make: *** [cmTC_b4687/fast] Error 2


